# JRE version: OpenJDK Runtime Environment Temurin-17.0.7+7 (17.0.7+7) (build 17.0.7+7)
# Java VM: OpenJDK 64-Bit Server VM Temurin-17.0.7+7 (17.0.7+7, mixed mode, tiered, compressed oops, compressed class ptrs, parallel gc, windows-amd64)
GC Precious Log:
 CPUs: 16 total, 16 available
 Memory: 7599M
 Large Page Support: Disabled
 NUMA Support: Disabled
 Compressed Oops: Enabled (32-bit)
 Alignments: Space 512K, Generation 512K, Heap 2M
 Heap Min Capacity: 100M
 Heap Initial Capacity: 100M
 Heap Max Capacity: 1G
 Pre-touch: Disabled
 Parallel Workers: 13
Heap:
 PSYoungGen      total 21504K, used 17243K [0x00000000eab00000, 0x00000000ec380000, 0x0000000100000000)
  eden space 18944K, 79% used [0x00000000eab00000,0x00000000eb9b6890,0x00000000ebd80000)
  from space 2560K, 85% used [0x00000000ec100000,0x00000000ec320750,0x00000000ec380000)
  to   space 2560K, 0% used [0x00000000ebe80000,0x00000000ebe80000,0x00000000ec100000)
 ParOldGen       total 68608K, used 33379K [0x00000000c0000000, 0x00000000c4300000, 0x00000000eab00000)
  object space 68608K, 48% used [0x00000000c0000000,0x00000000c2098cb8,0x00000000c4300000)
 Metaspace       used 48430K, committed 49280K, reserved 1114112K
  class space    used 4731K, committed 5120K, reserved 1048576K
GC Heap History (20 events):
Event: 8.998 GC heap before
{Heap before GC invocations=15 (full 2):
 PSYoungGen      total 24576K, used 24192K [0x00000000eab00000, 0x00000000ec600000, 0x0000000100000000)
  eden space 22016K, 100% used [0x00000000eab00000,0x00000000ec080000,0x00000000ec080000)
  from space 2560K, 85% used [0x00000000ec380000,0x00000000ec5a0000,0x00000000ec600000)
  to   space 2560K, 0% used [0x00000000ec080000,0x00000000ec080000,0x00000000ec300000)
 ParOldGen       total 68608K, used 17139K [0x00000000c0000000, 0x00000000c4300000, 0x00000000eab00000)
  object space 68608K, 24% used [0x00000000c0000000,0x00000000c10bcf28,0x00000000c4300000)
 Metaspace       used 35639K, committed 36352K, reserved 1114112K
  class space    used 3598K, committed 3904K, reserved 1048576K
}
Event: 9.001 GC heap after
{Heap after GC invocations=15 (full 2):
 PSYoungGen      total 24576K, used 2272K [0x00000000eab00000, 0x00000000ec580000, 0x0000000100000000)
  eden space 22016K, 0% used [0x00000000eab00000,0x00000000eab00000,0x00000000ec080000)
  from space 2560K, 88% used [0x00000000ec080000,0x00000000ec2b8010,0x00000000ec300000)
  to   space 2560K, 0% used [0x00000000ec300000,0x00000000ec300000,0x00000000ec580000)
 ParOldGen       total 68608K, used 19147K [0x00000000c0000000, 0x00000000c4300000, 0x00000000eab00000)
  object space 68608K, 27% used [0x00000000c0000000,0x00000000c12b2f28,0x00000000c4300000)
 Metaspace       used 35639K, committed 36352K, reserved 1114112K
  class space    used 3598K, committed 3904K, reserved 1048576K
}
Event: 9.218 GC heap before
{Heap before GC invocations=16 (full 2):
 PSYoungGen      total 24576K, used 24287K [0x00000000eab00000, 0x00000000ec580000, 0x0000000100000000)
  eden space 22016K, 99% used [0x00000000eab00000,0x00000000ec07ffb8,0x00000000ec080000)
  from space 2560K, 88% used [0x00000000ec080000,0x00000000ec2b8010,0x00000000ec300000)
  to   space 2560K, 0% used [0x00000000ec300000,0x00000000ec300000,0x00000000ec580000)
 ParOldGen       total 68608K, used 19147K [0x00000000c0000000, 0x00000000c4300000, 0x00000000eab00000)
  object space 68608K, 27% used [0x00000000c0000000,0x00000000c12b2f28,0x00000000c4300000)
 Metaspace       used 36506K, committed 37248K, reserved 1114112K
  class space    used 3704K, committed 4032K, reserved 1048576K
}
Event: 9.222 GC heap after
{Heap after GC invocations=16 (full 2):
 PSYoungGen      total 21504K, used 2542K [0x00000000eab00000, 0x00000000ecb80000, 0x0000000100000000)
  eden space 18944K, 0% used [0x00000000eab00000,0x00000000eab00000,0x00000000ebd80000)
  from space 2560K, 99% used [0x00000000ec300000,0x00000000ec57b988,0x00000000ec580000)
  to   space 5632K, 0% used [0x00000000ebd80000,0x00000000ebd80000,0x00000000ec300000)
 ParOldGen       total 68608K, used 21387K [0x00000000c0000000, 0x00000000c4300000, 0x00000000eab00000)
  object space 68608K, 31% used [0x00000000c0000000,0x00000000c14e2f38,0x00000000c4300000)
 Metaspace       used 36506K, committed 37248K, reserved 1114112K
  class space    used 3704K, committed 4032K, reserved 1048576K
}
Event: 9.691 GC heap before
{Heap before GC invocations=17 (full 2):
 PSYoungGen      total 21504K, used 21456K [0x00000000eab00000, 0x00000000ecb80000, 0x0000000100000000)
  eden space 18944K, 99% used [0x00000000eab00000,0x00000000ebd78938,0x00000000ebd80000)
  from space 2560K, 99% used [0x00000000ec300000,0x00000000ec57b988,0x00000000ec580000)
  to   space 5632K, 0% used [0x00000000ebd80000,0x00000000ebd80000,0x00000000ec300000)
 ParOldGen       total 68608K, used 21387K [0x00000000c0000000, 0x00000000c4300000, 0x00000000eab00000)
  object space 68608K, 31% used [0x00000000c0000000,0x00000000c14e2f38,0x00000000c4300000)
 Metaspace       used 38778K, committed 39552K, reserved 1114112K
  class space    used 3938K, committed 4288K, reserved 1048576K
}
Event: 9.694 GC heap after
{Heap after GC invocations=17 (full 2):
 PSYoungGen      total 19968K, used 765K [0x00000000eab00000, 0x00000000ec380000, 0x0000000100000000)
  eden space 18944K, 0% used [0x00000000eab00000,0x00000000eab00000,0x00000000ebd80000)
  from space 1024K, 74% used [0x00000000ebd80000,0x00000000ebe3f468,0x00000000ebe80000)
  to   space 2560K, 0% used [0x00000000ec100000,0x00000000ec100000,0x00000000ec380000)
 ParOldGen       total 68608K, used 23946K [0x00000000c0000000, 0x00000000c4300000, 0x00000000eab00000)
  object space 68608K, 34% used [0x00000000c0000000,0x00000000c1762978,0x00000000c4300000)
 Metaspace       used 38778K, committed 39552K, reserved 1114112K
  class space    used 3938K, committed 4288K, reserved 1048576K
}
Event: 10.174 GC heap before
{Heap before GC invocations=18 (full 2):
 PSYoungGen      total 19968K, used 19696K [0x00000000eab00000, 0x00000000ec380000, 0x0000000100000000)
  eden space 18944K, 99% used [0x00000000eab00000,0x00000000ebd7cc78,0x00000000ebd80000)
  from space 1024K, 74% used [0x00000000ebd80000,0x00000000ebe3f468,0x00000000ebe80000)
  to   space 2560K, 0% used [0x00000000ec100000,0x00000000ec100000,0x00000000ec380000)
 ParOldGen       total 68608K, used 23946K [0x00000000c0000000, 0x00000000c4300000, 0x00000000eab00000)
  object space 68608K, 34% used [0x00000000c0000000,0x00000000c1762978,0x00000000c4300000)
 Metaspace       used 39749K, committed 40512K, reserved 1114112K
  class space    used 4056K, committed 4352K, reserved 1048576K
}
Event: 10.175 GC heap after
{Heap after GC invocations=18 (full 2):
 PSYoungGen      total 19456K, used 448K [0x00000000eab00000, 0x00000000ec180000, 0x0000000100000000)
  eden space 18944K, 0% used [0x00000000eab00000,0x00000000eab00000,0x00000000ebd80000)
  from space 512K, 87% used [0x00000000ec100000,0x00000000ec170000,0x00000000ec180000)
  to   space 1024K, 0% used [0x00000000ebf80000,0x00000000ebf80000,0x00000000ec080000)
 ParOldGen       total 68608K, used 24552K [0x00000000c0000000, 0x00000000c4300000, 0x00000000eab00000)
  object space 68608K, 35% used [0x00000000c0000000,0x00000000c17fa158,0x00000000c4300000)
 Metaspace       used 39749K, committed 40512K, reserved 1114112K
  class space    used 4056K, committed 4352K, reserved 1048576K
}
Event: 10.712 GC heap before
{Heap before GC invocations=19 (full 2):
 PSYoungGen      total 19456K, used 19392K [0x00000000eab00000, 0x00000000ec180000, 0x0000000100000000)
  eden space 18944K, 100% used [0x00000000eab00000,0x00000000ebd80000,0x00000000ebd80000)
  from space 512K, 87% used [0x00000000ec100000,0x00000000ec170000,0x00000000ec180000)
  to   space 1024K, 0% used [0x00000000ebf80000,0x00000000ebf80000,0x00000000ec080000)
 ParOldGen       total 68608K, used 24552K [0x00000000c0000000, 0x00000000c4300000, 0x00000000eab00000)
  object space 68608K, 35% used [0x00000000c0000000,0x00000000c17fa158,0x00000000c4300000)
 Metaspace       used 41750K, committed 42496K, reserved 1114112K
  class space    used 4225K, committed 4544K, reserved 1048576K
}
Event: 10.713 GC heap after
{Heap after GC invocations=19 (full 2):
 PSYoungGen      total 19968K, used 1012K [0x00000000eab00000, 0x00000000ec180000, 0x0000000100000000)
  eden space 18944K, 0% used [0x00000000eab00000,0x00000000eab00000,0x00000000ebd80000)
  from space 1024K, 98% used [0x00000000ebf80000,0x00000000ec07d140,0x00000000ec080000)
  to   space 1024K, 0% used [0x00000000ec080000,0x00000000ec080000,0x00000000ec180000)
 ParOldGen       total 68608K, used 24868K [0x00000000c0000000, 0x00000000c4300000, 0x00000000eab00000)
  object space 68608K, 36% used [0x00000000c0000000,0x00000000c1849380,0x00000000c4300000)
 Metaspace       used 41750K, committed 42496K, reserved 1114112K
  class space    used 4225K, committed 4544K, reserved 1048576K
}
Event: 11.415 GC heap before
{Heap before GC invocations=20 (full 2):
 PSYoungGen      total 19968K, used 19956K [0x00000000eab00000, 0x00000000ec180000, 0x0000000100000000)
  eden space 18944K, 100% used [0x00000000eab00000,0x00000000ebd80000,0x00000000ebd80000)
  from space 1024K, 98% used [0x00000000ebf80000,0x00000000ec07d140,0x00000000ec080000)
  to   space 1024K, 0% used [0x00000000ec080000,0x00000000ec080000,0x00000000ec180000)
 ParOldGen       total 68608K, used 24868K [0x00000000c0000000, 0x00000000c4300000, 0x00000000eab00000)
  object space 68608K, 36% used [0x00000000c0000000,0x00000000c1849380,0x00000000c4300000)
 Metaspace       used 43245K, committed 44032K, reserved 1114112K
  class space    used 4358K, committed 4736K, reserved 1048576K
}
Event: 11.418 GC heap after
{Heap after GC invocations=20 (full 2):
 PSYoungGen      total 19968K, used 1024K [0x00000000eab00000, 0x00000000ec380000, 0x0000000100000000)
  eden space 18944K, 0% used [0x00000000eab00000,0x00000000eab00000,0x00000000ebd80000)
  from space 1024K, 100% used [0x00000000ec080000,0x00000000ec180000,0x00000000ec180000)
  to   space 3072K, 0% used [0x00000000ebd80000,0x00000000ebd80000,0x00000000ec080000)
 ParOldGen       total 68608K, used 26373K [0x00000000c0000000, 0x00000000c4300000, 0x00000000eab00000)
  object space 68608K, 38% used [0x00000000c0000000,0x00000000c19c1518,0x00000000c4300000)
 Metaspace       used 43245K, committed 44032K, reserved 1114112K
  class space    used 4358K, committed 4736K, reserved 1048576K
}
Event: 11.797 GC heap before
{Heap before GC invocations=21 (full 2):
 PSYoungGen      total 19968K, used 19968K [0x00000000eab00000, 0x00000000ec380000, 0x0000000100000000)
  eden space 18944K, 100% used [0x00000000eab00000,0x00000000ebd80000,0x00000000ebd80000)
  from space 1024K, 100% used [0x00000000ec080000,0x00000000ec180000,0x00000000ec180000)
  to   space 3072K, 0% used [0x00000000ebd80000,0x00000000ebd80000,0x00000000ec080000)
 ParOldGen       total 68608K, used 26373K [0x00000000c0000000, 0x00000000c4300000, 0x00000000eab00000)
  object space 68608K, 38% used [0x00000000c0000000,0x00000000c19c1518,0x00000000c4300000)
 Metaspace       used 44882K, committed 45696K, reserved 1114112K
  class space    used 4502K, committed 4864K, reserved 1048576K
}
Event: 11.801 GC heap after
{Heap after GC invocations=21 (full 2):
 PSYoungGen      total 22016K, used 3049K [0x00000000eab00000, 0x00000000ec880000, 0x0000000100000000)
  eden space 18944K, 0% used [0x00000000eab00000,0x00000000eab00000,0x00000000ebd80000)
  from space 3072K, 99% used [0x00000000ebd80000,0x00000000ec07a590,0x00000000ec080000)
  to   space 5632K, 0% used [0x00000000ec300000,0x00000000ec300000,0x00000000ec880000)
 ParOldGen       total 68608K, used 28136K [0x00000000c0000000, 0x00000000c4300000, 0x00000000eab00000)
  object space 68608K, 41% used [0x00000000c0000000,0x00000000c1b7a230,0x00000000c4300000)
 Metaspace       used 44882K, committed 45696K, reserved 1114112K
  class space    used 4502K, committed 4864K, reserved 1048576K
}
Event: 11.885 GC heap before
{Heap before GC invocations=22 (full 2):
 PSYoungGen      total 22016K, used 21993K [0x00000000eab00000, 0x00000000ec880000, 0x0000000100000000)
  eden space 18944K, 100% used [0x00000000eab00000,0x00000000ebd80000,0x00000000ebd80000)
  from space 3072K, 99% used [0x00000000ebd80000,0x00000000ec07a590,0x00000000ec080000)
  to   space 5632K, 0% used [0x00000000ec300000,0x00000000ec300000,0x00000000ec880000)
 ParOldGen       total 68608K, used 28136K [0x00000000c0000000, 0x00000000c4300000, 0x00000000eab00000)
  object space 68608K, 41% used [0x00000000c0000000,0x00000000c1b7a230,0x00000000c4300000)
 Metaspace       used 45084K, committed 45888K, reserved 1114112K
  class space    used 4519K, committed 4864K, reserved 1048576K
}
Event: 11.889 GC heap after
{Heap after GC invocations=22 (full 2):
 PSYoungGen      total 21504K, used 2374K [0x00000000eab00000, 0x00000000ec580000, 0x0000000100000000)
  eden space 18944K, 0% used [0x00000000eab00000,0x00000000eab00000,0x00000000ebd80000)
  from space 2560K, 92% used [0x00000000ec300000,0x00000000ec551870,0x00000000ec580000)
  to   space 3584K, 0% used [0x00000000ebe80000,0x00000000ebe80000,0x00000000ec200000)
 ParOldGen       total 68608K, used 31701K [0x00000000c0000000, 0x00000000c4300000, 0x00000000eab00000)
  object space 68608K, 46% used [0x00000000c0000000,0x00000000c1ef5720,0x00000000c4300000)
 Metaspace       used 45084K, committed 45888K, reserved 1114112K
  class space    used 4519K, committed 4864K, reserved 1048576K
}
Event: 11.962 GC heap before
{Heap before GC invocations=23 (full 2):
 PSYoungGen      total 21504K, used 21318K [0x00000000eab00000, 0x00000000ec580000, 0x0000000100000000)
  eden space 18944K, 100% used [0x00000000eab00000,0x00000000ebd80000,0x00000000ebd80000)
  from space 2560K, 92% used [0x00000000ec300000,0x00000000ec551870,0x00000000ec580000)
  to   space 3584K, 0% used [0x00000000ebe80000,0x00000000ebe80000,0x00000000ec200000)
 ParOldGen       total 68608K, used 31701K [0x00000000c0000000, 0x00000000c4300000, 0x00000000eab00000)
  object space 68608K, 46% used [0x00000000c0000000,0x00000000c1ef5720,0x00000000c4300000)
 Metaspace       used 45229K, committed 46016K, reserved 1114112K
  class space    used 4530K, committed 4864K, reserved 1048576K
}
Event: 11.966 GC heap after
{Heap after GC invocations=23 (full 2):
 PSYoungGen      total 20992K, used 1825K [0x00000000eab00000, 0x00000000ec380000, 0x0000000100000000)
  eden space 18944K, 0% used [0x00000000eab00000,0x00000000eab00000,0x00000000ebd80000)
  from space 2048K, 89% used [0x00000000ebe80000,0x00000000ec048630,0x00000000ec080000)
  to   space 2560K, 0% used [0x00000000ec100000,0x00000000ec100000,0x00000000ec380000)
 ParOldGen       total 68608K, used 32605K [0x00000000c0000000, 0x00000000c4300000, 0x00000000eab00000)
  object space 68608K, 47% used [0x00000000c0000000,0x00000000c1fd7648,0x00000000c4300000)
 Metaspace       used 45229K, committed 46016K, reserved 1114112K
  class space    used 4530K, committed 4864K, reserved 1048576K
}
Event: 12.193 GC heap before
{Heap before GC invocations=24 (full 2):
 PSYoungGen      total 20992K, used 20769K [0x00000000eab00000, 0x00000000ec380000, 0x0000000100000000)
  eden space 18944K, 100% used [0x00000000eab00000,0x00000000ebd80000,0x00000000ebd80000)
  from space 2048K, 89% used [0x00000000ebe80000,0x00000000ec048630,0x00000000ec080000)
  to   space 2560K, 0% used [0x00000000ec100000,0x00000000ec100000,0x00000000ec380000)
 ParOldGen       total 68608K, used 32605K [0x00000000c0000000, 0x00000000c4300000, 0x00000000eab00000)
  object space 68608K, 47% used [0x00000000c0000000,0x00000000c1fd7648,0x00000000c4300000)
 Metaspace       used 46786K, committed 47552K, reserved 1114112K
  class space    used 4638K, committed 4992K, reserved 1048576K
}
Event: 12.195 GC heap after
{Heap after GC invocations=24 (full 2):
 PSYoungGen      total 21504K, used 2177K [0x00000000eab00000, 0x00000000ec380000, 0x0000000100000000)
  eden space 18944K, 0% used [0x00000000eab00000,0x00000000eab00000,0x00000000ebd80000)
  from space 2560K, 85% used [0x00000000ec100000,0x00000000ec320750,0x00000000ec380000)
  to   space 2560K, 0% used [0x00000000ebe80000,0x00000000ebe80000,0x00000000ec100000)
 ParOldGen       total 68608K, used 33379K [0x00000000c0000000, 0x00000000c4300000, 0x00000000eab00000)
  object space 68608K, 48% used [0x00000000c0000000,0x00000000c2098cb8,0x00000000c4300000)
 Metaspace       used 46786K, committed 47552K, reserved 1114112K
  class space    used 4638K, committed 4992K, reserved 1048576K
}

