# JRE version: Java(TM) SE Runtime Environment (19.0.2+7) (build 19.0.2+7-44)
# Java VM: Java HotSpot(TM) 64-Bit Server VM (19.0.2+7-44, mixed mode, sharing, tiered, compressed oops, compressed class ptrs, g1 gc, windows-amd64)
GC Precious Log:
 CardTable entry size: 512
 Card Set container configuration: InlinePtr #cards 5 size 8 Array Of Cards #cards 12 size 40 Howl #buckets 4 coarsen threshold 1843 Howl Bitmap #cards 512 size 80 coarsen threshold 460 Card regions per heap region 1 cards per card region 2048
 CPUs: 16 total, 16 available
 Memory: 7599M
 Large Page Support: Disabled
 NUMA Support: Disabled
 Compressed Oops: Enabled (32-bit)
 Heap Region Size: 1M
 Heap Min Capacity: 8M
 Heap Initial Capacity: 120M
 Heap Max Capacity: 1900M
 Pre-touch: Disabled
 Parallel Workers: 13
 Concurrent Workers: 3
 Concurrent Refinement Workers: 13
 Periodic GC: Disabled
Heap:
 garbage-first heap   total 272384K, used 148790K [0x0000000089400000, 0x0000000100000000)
  region size 1024K, 11 young (11264K), 2 survivors (2048K)
 Metaspace       used 10231K, committed 10432K, reserved 1114112K
  class space    used 1001K, committed 1088K, reserved 1048576K
GC Heap History (16 events):
Event: 1.932 GC heap before
{Heap before GC invocations=0 (full 0):
 garbage-first heap   total 122880K, used 53248K [0x0000000089400000, 0x0000000100000000)
  region size 1024K, 23 young (23552K), 0 survivors (0K)
 Metaspace       used 9097K, committed 9216K, reserved 1114112K
  class space    used 969K, committed 1024K, reserved 1048576K
}
Event: 1.940 GC heap after
{Heap after GC invocations=1 (full 0):
 garbage-first heap   total 122880K, used 43881K [0x0000000089400000, 0x0000000100000000)
  region size 1024K, 3 young (3072K), 3 survivors (3072K)
 Metaspace       used 9097K, committed 9216K, reserved 1114112K
  class space    used 969K, committed 1024K, reserved 1048576K
}
Event: 2.042 GC heap before
{Heap before GC invocations=1 (full 0):
 garbage-first heap   total 122880K, used 63337K [0x0000000089400000, 0x0000000100000000)
  region size 1024K, 10 young (10240K), 3 survivors (3072K)
 Metaspace       used 9208K, committed 9408K, reserved 1114112K
  class space    used 977K, committed 1088K, reserved 1048576K
}
Event: 2.045 GC heap after
{Heap after GC invocations=2 (full 0):
 garbage-first heap   total 122880K, used 62382K [0x0000000089400000, 0x0000000100000000)
  region size 1024K, 3 young (3072K), 3 survivors (3072K)
 Metaspace       used 9208K, committed 9408K, reserved 1114112K
  class space    used 977K, committed 1088K, reserved 1048576K
}
Event: 3.858 GC heap before
{Heap before GC invocations=3 (full 0):
 garbage-first heap   total 122880K, used 102318K [0x0000000089400000, 0x0000000100000000)
  region size 1024K, 21 young (21504K), 3 survivors (3072K)
 Metaspace       used 9820K, committed 9984K, reserved 1114112K
  class space    used 996K, committed 1088K, reserved 1048576K
}
Event: 3.864 GC heap after
{Heap after GC invocations=4 (full 0):
 garbage-first heap   total 122880K, used 99604K [0x0000000089400000, 0x0000000100000000)
  region size 1024K, 3 young (3072K), 3 survivors (3072K)
 Metaspace       used 9820K, committed 9984K, reserved 1114112K
  class space    used 996K, committed 1088K, reserved 1048576K
}
Event: 3.899 GC heap before
{Heap before GC invocations=4 (full 0):
 garbage-first heap   total 122880K, used 107796K [0x0000000089400000, 0x0000000100000000)
  region size 1024K, 6 young (6144K), 3 survivors (3072K)
 Metaspace       used 9869K, committed 10112K, reserved 1114112K
  class space    used 998K, committed 1088K, reserved 1048576K
}
Event: 3.902 GC heap after
{Heap after GC invocations=5 (full 0):
 garbage-first heap   total 122880K, used 106962K [0x0000000089400000, 0x0000000100000000)
  region size 1024K, 1 young (1024K), 1 survivors (1024K)
 Metaspace       used 9869K, committed 10112K, reserved 1114112K
  class space    used 998K, committed 1088K, reserved 1048576K
}
Event: 3.925 GC heap before
{Heap before GC invocations=5 (full 0):
 garbage-first heap   total 122880K, used 107986K [0x0000000089400000, 0x0000000100000000)
  region size 1024K, 4 young (4096K), 1 survivors (1024K)
 Metaspace       used 9893K, committed 10112K, reserved 1114112K
  class space    used 1000K, committed 1088K, reserved 1048576K
}
Event: 3.926 GC heap after
{Heap after GC invocations=6 (full 0):
 garbage-first heap   total 122880K, used 109050K [0x0000000089400000, 0x0000000100000000)
  region size 1024K, 1 young (1024K), 1 survivors (1024K)
 Metaspace       used 9893K, committed 10112K, reserved 1114112K
  class space    used 1000K, committed 1088K, reserved 1048576K
}
Event: 4.019 GC heap before
{Heap before GC invocations=7 (full 0):
 garbage-first heap   total 186368K, used 124410K [0x0000000089400000, 0x0000000100000000)
  region size 1024K, 6 young (6144K), 1 survivors (1024K)
 Metaspace       used 9909K, committed 10112K, reserved 1114112K
  class space    used 1000K, committed 1088K, reserved 1048576K
}
Event: 4.021 GC heap after
{Heap after GC invocations=8 (full 0):
 garbage-first heap   total 186368K, used 124364K [0x0000000089400000, 0x0000000100000000)
  region size 1024K, 1 young (1024K), 1 survivors (1024K)
 Metaspace       used 9909K, committed 10112K, reserved 1114112K
  class space    used 1000K, committed 1088K, reserved 1048576K
}
Event: 4.102 GC heap before
{Heap before GC invocations=8 (full 0):
 garbage-first heap   total 186368K, used 140748K [0x0000000089400000, 0x0000000100000000)
  region size 1024K, 9 young (9216K), 1 survivors (1024K)
 Metaspace       used 9938K, committed 10176K, reserved 1114112K
  class space    used 1000K, committed 1088K, reserved 1048576K
}
Event: 4.105 GC heap after
{Heap after GC invocations=9 (full 0):
 garbage-first heap   total 272384K, used 134648K [0x0000000089400000, 0x0000000100000000)
  region size 1024K, 2 young (2048K), 2 survivors (2048K)
 Metaspace       used 9938K, committed 10176K, reserved 1114112K
  class space    used 1000K, committed 1088K, reserved 1048576K
}
Event: 5.028 GC heap before
{Heap before GC invocations=9 (full 0):
 garbage-first heap   total 272384K, used 138744K [0x0000000089400000, 0x0000000100000000)
  region size 1024K, 7 young (7168K), 2 survivors (2048K)
 Metaspace       used 10063K, committed 10304K, reserved 1114112K
  class space    used 1000K, committed 1088K, reserved 1048576K
}
Event: 5.030 GC heap after
{Heap after GC invocations=10 (full 0):
 garbage-first heap   total 272384K, used 134454K [0x0000000089400000, 0x0000000100000000)
  region size 1024K, 2 young (2048K), 2 survivors (2048K)
 Metaspace       used 10063K, committed 10304K, reserved 1114112K
  class space    used 1000K, committed 1088K, reserved 1048576K
}

