# JRE version: OpenJDK Runtime Environment Temurin-17.0.6+10 (17.0.6+10) (build 17.0.6+10)
# Java VM: OpenJDK 64-Bit Server VM Temurin-17.0.6+10 (17.0.6+10, mixed mode, tiered, compressed oops, compressed class ptrs, parallel gc, windows-amd64)
GC Precious Log:
 CPUs: 16 total, 16 available
 Memory: 7599M
 Large Page Support: Disabled
 NUMA Support: Disabled
 Compressed Oops: Enabled (32-bit)
 Alignments: Space 512K, Generation 512K, Heap 2M
 Heap Min Capacity: 100M
 Heap Initial Capacity: 100M
 Heap Max Capacity: 1G
 Pre-touch: Disabled
 Parallel Workers: 13
Heap:
 PSYoungGen      total 3072K, used 2697K [0x00000000eab00000, 0x00000000eaf00000, 0x0000000100000000)
  eden space 2048K, 98% used [0x00000000eab00000,0x00000000eacfa640,0x00000000ead00000)
  from space 1024K, 65% used [0x00000000ead00000,0x00000000eada8000,0x00000000eae00000)
  to   space 1024K, 0% used [0x00000000eae00000,0x00000000eae00000,0x00000000eaf00000)
 ParOldGen       total 98816K, used 90808K [0x00000000c0000000, 0x00000000c6080000, 0x00000000eab00000)
  object space 98816K, 91% used [0x00000000c0000000,0x00000000c58ae098,0x00000000c6080000)
 Metaspace       used 83732K, committed 84864K, reserved 1130496K
  class space    used 8536K, committed 9088K, reserved 1048576K
GC Heap History (20 events):
Event: 582.190 GC heap before
{Heap before GC invocations=2621 (full 90):
 PSYoungGen      total 2560K, used 2464K [0x00000000eab00000, 0x00000000eae80000, 0x0000000100000000)
  eden space 2048K, 100% used [0x00000000eab00000,0x00000000ead00000,0x00000000ead00000)
  from space 512K, 81% used [0x00000000ead80000,0x00000000eade8000,0x00000000eae00000)
  to   space 512K, 0% used [0x00000000eae00000,0x00000000eae00000,0x00000000eae80000)
 ParOldGen       total 98816K, used 90536K [0x00000000c0000000, 0x00000000c6080000, 0x00000000eab00000)
  object space 98816K, 91% used [0x00000000c0000000,0x00000000c586a058,0x00000000c6080000)
 Metaspace       used 81247K, committed 82368K, reserved 1130496K
  class space    used 8089K, committed 8576K, reserved 1048576K
}
Event: 582.191 GC heap after
{Heap after GC invocations=2621 (full 90):
 PSYoungGen      total 2560K, used 416K [0x00000000eab00000, 0x00000000eae80000, 0x0000000100000000)
  eden space 2048K, 0% used [0x00000000eab00000,0x00000000eab00000,0x00000000ead00000)
  from space 512K, 81% used [0x00000000eae00000,0x00000000eae68000,0x00000000eae80000)
  to   space 512K, 0% used [0x00000000ead80000,0x00000000ead80000,0x00000000eae00000)
 ParOldGen       total 98816K, used 90536K [0x00000000c0000000, 0x00000000c6080000, 0x00000000eab00000)
  object space 98816K, 91% used [0x00000000c0000000,0x00000000c586a058,0x00000000c6080000)
 Metaspace       used 81247K, committed 82368K, reserved 1130496K
  class space    used 8089K, committed 8576K, reserved 1048576K
}
Event: 582.225 GC heap before
{Heap before GC invocations=2622 (full 90):
 PSYoungGen      total 2560K, used 2464K [0x00000000eab00000, 0x00000000eae80000, 0x0000000100000000)
  eden space 2048K, 100% used [0x00000000eab00000,0x00000000ead00000,0x00000000ead00000)
  from space 512K, 81% used [0x00000000eae00000,0x00000000eae68000,0x00000000eae80000)
  to   space 512K, 0% used [0x00000000ead80000,0x00000000ead80000,0x00000000eae00000)
 ParOldGen       total 98816K, used 90536K [0x00000000c0000000, 0x00000000c6080000, 0x00000000eab00000)
  object space 98816K, 91% used [0x00000000c0000000,0x00000000c586a058,0x00000000c6080000)
 Metaspace       used 81474K, committed 82624K, reserved 1130496K
  class space    used 8134K, committed 8640K, reserved 1048576K
}
Event: 582.226 GC heap after
{Heap after GC invocations=2622 (full 90):
 PSYoungGen      total 2560K, used 416K [0x00000000eab00000, 0x00000000eae80000, 0x0000000100000000)
  eden space 2048K, 0% used [0x00000000eab00000,0x00000000eab00000,0x00000000ead00000)
  from space 512K, 81% used [0x00000000ead80000,0x00000000eade8000,0x00000000eae00000)
  to   space 512K, 0% used [0x00000000eae00000,0x00000000eae00000,0x00000000eae80000)
 ParOldGen       total 98816K, used 90536K [0x00000000c0000000, 0x00000000c6080000, 0x00000000eab00000)
  object space 98816K, 91% used [0x00000000c0000000,0x00000000c586a058,0x00000000c6080000)
 Metaspace       used 81474K, committed 82624K, reserved 1130496K
  class space    used 8134K, committed 8640K, reserved 1048576K
}
Event: 582.255 GC heap before
{Heap before GC invocations=2623 (full 90):
 PSYoungGen      total 2560K, used 2464K [0x00000000eab00000, 0x00000000eae80000, 0x0000000100000000)
  eden space 2048K, 100% used [0x00000000eab00000,0x00000000ead00000,0x00000000ead00000)
  from space 512K, 81% used [0x00000000ead80000,0x00000000eade8000,0x00000000eae00000)
  to   space 512K, 0% used [0x00000000eae00000,0x00000000eae00000,0x00000000eae80000)
 ParOldGen       total 98816K, used 90536K [0x00000000c0000000, 0x00000000c6080000, 0x00000000eab00000)
  object space 98816K, 91% used [0x00000000c0000000,0x00000000c586a058,0x00000000c6080000)
 Metaspace       used 81627K, committed 82688K, reserved 1130496K
  class space    used 8179K, committed 8640K, reserved 1048576K
}
Event: 582.256 GC heap after
{Heap after GC invocations=2623 (full 90):
 PSYoungGen      total 2560K, used 416K [0x00000000eab00000, 0x00000000eae80000, 0x0000000100000000)
  eden space 2048K, 0% used [0x00000000eab00000,0x00000000eab00000,0x00000000ead00000)
  from space 512K, 81% used [0x00000000eae00000,0x00000000eae68000,0x00000000eae80000)
  to   space 512K, 0% used [0x00000000ead80000,0x00000000ead80000,0x00000000eae00000)
 ParOldGen       total 98816K, used 90536K [0x00000000c0000000, 0x00000000c6080000, 0x00000000eab00000)
  object space 98816K, 91% used [0x00000000c0000000,0x00000000c586a058,0x00000000c6080000)
 Metaspace       used 81627K, committed 82688K, reserved 1130496K
  class space    used 8179K, committed 8640K, reserved 1048576K
}
Event: 582.285 GC heap before
{Heap before GC invocations=2624 (full 90):
 PSYoungGen      total 2560K, used 2464K [0x00000000eab00000, 0x00000000eae80000, 0x0000000100000000)
  eden space 2048K, 100% used [0x00000000eab00000,0x00000000ead00000,0x00000000ead00000)
  from space 512K, 81% used [0x00000000eae00000,0x00000000eae68000,0x00000000eae80000)
  to   space 512K, 0% used [0x00000000ead80000,0x00000000ead80000,0x00000000eae00000)
 ParOldGen       total 98816K, used 90536K [0x00000000c0000000, 0x00000000c6080000, 0x00000000eab00000)
  object space 98816K, 91% used [0x00000000c0000000,0x00000000c586a058,0x00000000c6080000)
 Metaspace       used 81904K, committed 82944K, reserved 1130496K
  class space    used 8226K, committed 8704K, reserved 1048576K
}
Event: 582.286 GC heap after
{Heap after GC invocations=2624 (full 90):
 PSYoungGen      total 2560K, used 448K [0x00000000eab00000, 0x00000000eae80000, 0x0000000100000000)
  eden space 2048K, 0% used [0x00000000eab00000,0x00000000eab00000,0x00000000ead00000)
  from space 512K, 87% used [0x00000000ead80000,0x00000000eadf0000,0x00000000eae00000)
  to   space 512K, 0% used [0x00000000eae00000,0x00000000eae00000,0x00000000eae80000)
 ParOldGen       total 98816K, used 90536K [0x00000000c0000000, 0x00000000c6080000, 0x00000000eab00000)
  object space 98816K, 91% used [0x00000000c0000000,0x00000000c586a058,0x00000000c6080000)
 Metaspace       used 81904K, committed 82944K, reserved 1130496K
  class space    used 8226K, committed 8704K, reserved 1048576K
}
Event: 582.313 GC heap before
{Heap before GC invocations=2625 (full 90):
 PSYoungGen      total 2560K, used 2496K [0x00000000eab00000, 0x00000000eae80000, 0x0000000100000000)
  eden space 2048K, 100% used [0x00000000eab00000,0x00000000ead00000,0x00000000ead00000)
  from space 512K, 87% used [0x00000000ead80000,0x00000000eadf0000,0x00000000eae00000)
  to   space 512K, 0% used [0x00000000eae00000,0x00000000eae00000,0x00000000eae80000)
 ParOldGen       total 98816K, used 90536K [0x00000000c0000000, 0x00000000c6080000, 0x00000000eab00000)
  object space 98816K, 91% used [0x00000000c0000000,0x00000000c586a058,0x00000000c6080000)
 Metaspace       used 82160K, committed 83264K, reserved 1130496K
  class space    used 8268K, committed 8768K, reserved 1048576K
}
Event: 582.313 GC heap after
{Heap after GC invocations=2625 (full 90):
 PSYoungGen      total 2560K, used 448K [0x00000000eab00000, 0x00000000eae80000, 0x0000000100000000)
  eden space 2048K, 0% used [0x00000000eab00000,0x00000000eab00000,0x00000000ead00000)
  from space 512K, 87% used [0x00000000eae00000,0x00000000eae70000,0x00000000eae80000)
  to   space 512K, 0% used [0x00000000ead80000,0x00000000ead80000,0x00000000eae00000)
 ParOldGen       total 98816K, used 90536K [0x00000000c0000000, 0x00000000c6080000, 0x00000000eab00000)
  object space 98816K, 91% used [0x00000000c0000000,0x00000000c586a058,0x00000000c6080000)
 Metaspace       used 82160K, committed 83264K, reserved 1130496K
  class space    used 8268K, committed 8768K, reserved 1048576K
}
Event: 582.371 GC heap before
{Heap before GC invocations=2626 (full 90):
 PSYoungGen      total 2560K, used 2496K [0x00000000eab00000, 0x00000000eae80000, 0x0000000100000000)
  eden space 2048K, 100% used [0x00000000eab00000,0x00000000ead00000,0x00000000ead00000)
  from space 512K, 87% used [0x00000000eae00000,0x00000000eae70000,0x00000000eae80000)
  to   space 512K, 0% used [0x00000000ead80000,0x00000000ead80000,0x00000000eae00000)
 ParOldGen       total 98816K, used 90536K [0x00000000c0000000, 0x00000000c6080000, 0x00000000eab00000)
  object space 98816K, 91% used [0x00000000c0000000,0x00000000c586a058,0x00000000c6080000)
 Metaspace       used 82588K, committed 83712K, reserved 1130496K
  class space    used 8314K, committed 8768K, reserved 1048576K
}
Event: 582.373 GC heap after
{Heap after GC invocations=2626 (full 90):
 PSYoungGen      total 2560K, used 512K [0x00000000eab00000, 0x00000000eaf00000, 0x0000000100000000)
  eden space 2048K, 0% used [0x00000000eab00000,0x00000000eab00000,0x00000000ead00000)
  from space 512K, 100% used [0x00000000ead80000,0x00000000eae00000,0x00000000eae00000)
  to   space 1024K, 0% used [0x00000000eae00000,0x00000000eae00000,0x00000000eaf00000)
 ParOldGen       total 98816K, used 90536K [0x00000000c0000000, 0x00000000c6080000, 0x00000000eab00000)
  object space 98816K, 91% used [0x00000000c0000000,0x00000000c586a058,0x00000000c6080000)
 Metaspace       used 82588K, committed 83712K, reserved 1130496K
  class space    used 8314K, committed 8768K, reserved 1048576K
}
Event: 583.591 GC heap before
{Heap before GC invocations=2627 (full 90):
 PSYoungGen      total 2560K, used 2560K [0x00000000eab00000, 0x00000000eaf00000, 0x0000000100000000)
  eden space 2048K, 100% used [0x00000000eab00000,0x00000000ead00000,0x00000000ead00000)
  from space 512K, 100% used [0x00000000ead80000,0x00000000eae00000,0x00000000eae00000)
  to   space 1024K, 0% used [0x00000000eae00000,0x00000000eae00000,0x00000000eaf00000)
 ParOldGen       total 98816K, used 90536K [0x00000000c0000000, 0x00000000c6080000, 0x00000000eab00000)
  object space 98816K, 91% used [0x00000000c0000000,0x00000000c586a058,0x00000000c6080000)
 Metaspace       used 82868K, committed 84096K, reserved 1130496K
  class space    used 8362K, committed 8896K, reserved 1048576K
}
Event: 583.591 GC heap after
{Heap after GC invocations=2627 (full 90):
 PSYoungGen      total 3072K, used 560K [0x00000000eab00000, 0x00000000eaf00000, 0x0000000100000000)
  eden space 2048K, 0% used [0x00000000eab00000,0x00000000eab00000,0x00000000ead00000)
  from space 1024K, 54% used [0x00000000eae00000,0x00000000eae8c010,0x00000000eaf00000)
  to   space 1024K, 0% used [0x00000000ead00000,0x00000000ead00000,0x00000000eae00000)
 ParOldGen       total 98816K, used 90536K [0x00000000c0000000, 0x00000000c6080000, 0x00000000eab00000)
  object space 98816K, 91% used [0x00000000c0000000,0x00000000c586a058,0x00000000c6080000)
 Metaspace       used 82868K, committed 84096K, reserved 1130496K
  class space    used 8362K, committed 8896K, reserved 1048576K
}
Event: 583.600 GC heap before
{Heap before GC invocations=2628 (full 90):
 PSYoungGen      total 3072K, used 2608K [0x00000000eab00000, 0x00000000eaf00000, 0x0000000100000000)
  eden space 2048K, 100% used [0x00000000eab00000,0x00000000ead00000,0x00000000ead00000)
  from space 1024K, 54% used [0x00000000eae00000,0x00000000eae8c010,0x00000000eaf00000)
  to   space 1024K, 0% used [0x00000000ead00000,0x00000000ead00000,0x00000000eae00000)
 ParOldGen       total 98816K, used 90536K [0x00000000c0000000, 0x00000000c6080000, 0x00000000eab00000)
  object space 98816K, 91% used [0x00000000c0000000,0x00000000c586a058,0x00000000c6080000)
 Metaspace       used 82868K, committed 84096K, reserved 1130496K
  class space    used 8362K, committed 8896K, reserved 1048576K
}
Event: 583.601 GC heap after
{Heap after GC invocations=2628 (full 90):
 PSYoungGen      total 3072K, used 944K [0x00000000eab00000, 0x00000000eaf00000, 0x0000000100000000)
  eden space 2048K, 0% used [0x00000000eab00000,0x00000000eab00000,0x00000000ead00000)
  from space 1024K, 92% used [0x00000000ead00000,0x00000000eadec010,0x00000000eae00000)
  to   space 1024K, 0% used [0x00000000eae00000,0x00000000eae00000,0x00000000eaf00000)
 ParOldGen       total 98816K, used 90536K [0x00000000c0000000, 0x00000000c6080000, 0x00000000eab00000)
  object space 98816K, 91% used [0x00000000c0000000,0x00000000c586a058,0x00000000c6080000)
 Metaspace       used 82868K, committed 84096K, reserved 1130496K
  class space    used 8362K, committed 8896K, reserved 1048576K
}
Event: 584.234 GC heap before
{Heap before GC invocations=2629 (full 90):
 PSYoungGen      total 3072K, used 2992K [0x00000000eab00000, 0x00000000eaf00000, 0x0000000100000000)
  eden space 2048K, 100% used [0x00000000eab00000,0x00000000ead00000,0x00000000ead00000)
  from space 1024K, 92% used [0x00000000ead00000,0x00000000eadec010,0x00000000eae00000)
  to   space 1024K, 0% used [0x00000000eae00000,0x00000000eae00000,0x00000000eaf00000)
 ParOldGen       total 98816K, used 90536K [0x00000000c0000000, 0x00000000c6080000, 0x00000000eab00000)
  object space 98816K, 91% used [0x00000000c0000000,0x00000000c586a058,0x00000000c6080000)
 Metaspace       used 83151K, committed 84352K, reserved 1130496K
  class space    used 8424K, committed 8960K, reserved 1048576K
}
Event: 584.235 GC heap after
{Heap after GC invocations=2629 (full 90):
 PSYoungGen      total 3072K, used 512K [0x00000000eab00000, 0x00000000eaf00000, 0x0000000100000000)
  eden space 2048K, 0% used [0x00000000eab00000,0x00000000eab00000,0x00000000ead00000)
  from space 1024K, 50% used [0x00000000eae00000,0x00000000eae80000,0x00000000eaf00000)
  to   space 1024K, 0% used [0x00000000ead00000,0x00000000ead00000,0x00000000eae00000)
 ParOldGen       total 98816K, used 90696K [0x00000000c0000000, 0x00000000c6080000, 0x00000000eab00000)
  object space 98816K, 91% used [0x00000000c0000000,0x00000000c5892098,0x00000000c6080000)
 Metaspace       used 83151K, committed 84352K, reserved 1130496K
  class space    used 8424K, committed 8960K, reserved 1048576K
}
Event: 584.419 GC heap before
{Heap before GC invocations=2630 (full 90):
 PSYoungGen      total 3072K, used 2549K [0x00000000eab00000, 0x00000000eaf00000, 0x0000000100000000)
  eden space 2048K, 99% used [0x00000000eab00000,0x00000000eacfd5d8,0x00000000ead00000)
  from space 1024K, 50% used [0x00000000eae00000,0x00000000eae80000,0x00000000eaf00000)
  to   space 1024K, 0% used [0x00000000ead00000,0x00000000ead00000,0x00000000eae00000)
 ParOldGen       total 98816K, used 90696K [0x00000000c0000000, 0x00000000c6080000, 0x00000000eab00000)
  object space 98816K, 91% used [0x00000000c0000000,0x00000000c5892098,0x00000000c6080000)
 Metaspace       used 83469K, committed 84608K, reserved 1130496K
  class space    used 8470K, committed 9024K, reserved 1048576K
}
Event: 584.419 GC heap after
{Heap after GC invocations=2630 (full 90):
 PSYoungGen      total 3072K, used 672K [0x00000000eab00000, 0x00000000eaf00000, 0x0000000100000000)
  eden space 2048K, 0% used [0x00000000eab00000,0x00000000eab00000,0x00000000ead00000)
  from space 1024K, 65% used [0x00000000ead00000,0x00000000eada8000,0x00000000eae00000)
  to   space 1024K, 0% used [0x00000000eae00000,0x00000000eae00000,0x00000000eaf00000)
 ParOldGen       total 98816K, used 90808K [0x00000000c0000000, 0x00000000c6080000, 0x00000000eab00000)
  object space 98816K, 91% used [0x00000000c0000000,0x00000000c58ae098,0x00000000c6080000)
 Metaspace       used 83469K, committed 84608K, reserved 1130496K
  class space    used 8470K, committed 9024K, reserved 1048576K
}

